2023-11-18 13:26:50,828 -[test_posts.py:36] - [test_create_new_post_positive] - [INFO] - created new post successfully: status 201
2023-11-18 13:26:50,831 -[test_posts.py:42] - [test_create_new_post_positive] - [INFO] - response time taken: 1.9
2023-11-18 13:26:50,839 -[test_posts.py:45] - [test_create_new_post_positive] - [INFO] - validated post data successfully
2023-11-18 13:26:52,898 -[test_posts.py:36] - [test_create_new_post_positive] - [INFO] - created new post successfully: status 201
2023-11-18 13:26:52,898 -[test_posts.py:42] - [test_create_new_post_positive] - [INFO] - response time taken: 0.2
2023-11-18 13:26:52,903 -[test_posts.py:45] - [test_create_new_post_positive] - [INFO] - validated post data successfully
2023-11-18 13:26:54,300 -[test_posts.py:36] - [test_create_new_post_positive] - [INFO] - created new post successfully: status 201
2023-11-18 13:26:54,300 -[test_posts.py:42] - [test_create_new_post_positive] - [INFO] - response time taken: 0.1
2023-11-18 13:26:54,309 -[test_posts.py:45] - [test_create_new_post_positive] - [INFO] - validated post data successfully
2023-11-18 13:26:55,945 -[test_posts.py:36] - [test_create_new_post_positive] - [INFO] - created new post successfully: status 201
2023-11-18 13:26:55,945 -[test_posts.py:42] - [test_create_new_post_positive] - [INFO] - response time taken: 0.4
2023-11-18 13:26:55,954 -[test_posts.py:45] - [test_create_new_post_positive] - [INFO] - validated post data successfully
2023-11-18 13:26:59,321 -[test_posts.py:36] - [test_create_new_post_positive] - [INFO] - created new post successfully: status 201
2023-11-18 13:26:59,322 -[test_posts.py:42] - [test_create_new_post_positive] - [INFO] - response time taken: 0.8
2023-11-18 13:26:59,331 -[test_posts.py:45] - [test_create_new_post_positive] - [INFO] - validated post data successfully
2023-11-18 13:27:01,072 -[test_posts.py:36] - [test_create_new_post_positive] - [INFO] - created new post successfully: status 201
2023-11-18 13:27:01,072 -[test_posts.py:42] - [test_create_new_post_positive] - [INFO] - response time taken: 0.2
2023-11-18 13:27:01,078 -[test_posts.py:45] - [test_create_new_post_positive] - [INFO] - validated post data successfully
2023-11-18 13:27:04,042 -[test_posts.py:36] - [test_create_new_post_positive] - [INFO] - created new post successfully: status 201
2023-11-18 13:27:04,042 -[test_posts.py:42] - [test_create_new_post_positive] - [INFO] - response time taken: 0.5
2023-11-18 13:27:04,051 -[test_posts.py:45] - [test_create_new_post_positive] - [INFO] - validated post data successfully
2023-11-18 13:27:05,913 -[test_posts.py:36] - [test_create_new_post_positive] - [INFO] - created new post successfully: status 201
2023-11-18 13:27:05,914 -[test_posts.py:42] - [test_create_new_post_positive] - [INFO] - response time taken: 0.3
2023-11-18 13:27:05,917 -[test_posts.py:45] - [test_create_new_post_positive] - [INFO] - validated post data successfully
2023-11-18 13:27:07,122 -[test_posts.py:36] - [test_create_new_post_positive] - [INFO] - created new post successfully: status 201
2023-11-18 13:27:07,122 -[test_posts.py:42] - [test_create_new_post_positive] - [INFO] - response time taken: 0.3
2023-11-18 13:27:07,128 -[test_posts.py:45] - [test_create_new_post_positive] - [INFO] - validated post data successfully
2023-11-18 13:27:07,926 -[test_posts.py:36] - [test_create_new_post_positive] - [INFO] - created new post successfully: status 201
2023-11-18 13:27:07,926 -[test_posts.py:42] - [test_create_new_post_positive] - [INFO] - response time taken: 0.1
2023-11-18 13:27:07,935 -[test_posts.py:45] - [test_create_new_post_positive] - [INFO] - validated post data successfully
2023-11-18 13:27:10,189 -[test_posts.py:59] - [test_get_post_by_id_positive] - [INFO] - getting single post by id 85547 successfully
2023-11-18 13:27:10,189 -[test_posts.py:62] - [test_get_post_by_id_positive] - [INFO] - validated post data successfully
2023-11-18 13:27:10,638 -[test_posts.py:80] - [test_get_all_posts_positive] - [INFO] - getting all the posts successfully: status 200
2023-11-18 13:27:11,716 -[test_posts.py:100] - [test_search_post_by_title_positive] - [INFO] - searched post by title quisq successfully: status 200
2023-11-18 13:27:11,716 -[test_posts.py:102] - [test_search_post_by_title_positive] - [INFO] - validated searched post successfully
2023-11-18 13:27:13,403 -[test_posts.py:122] - [test_search_post_by_body_positive] - [INFO] - searched post by body quaer successfully: status 200
2023-11-18 13:27:13,403 -[test_posts.py:124] - [test_search_post_by_body_positive] - [INFO] - validated searched post successfully
2023-11-18 13:27:15,572 -[test_posts.py:144] - [test_search_post_by_user_id_positive] - [INFO] - searched post by user_id 5717034 successfully: status 200
2023-11-18 13:27:15,572 -[test_posts.py:146] - [test_search_post_by_user_id_positive] - [INFO] - validated searched post using user_id successfully
2023-11-18 13:27:16,323 -[test_posts.py:166] - [test_pagination_positive] - [INFO] - searched using pagination parameters page 3 and per page 20 successfully: status 200
2023-11-18 13:27:16,324 -[test_posts.py:169] - [test_pagination_positive] - [INFO] - validated page and its returned items length.
2023-11-18 13:27:18,683 -[test_posts.py:195] - [test_update_post_positive] - [INFO] - updated existing post successfully: status 200
2023-11-18 13:27:18,692 -[test_posts.py:202] - [test_update_post_positive] - [INFO] - validated updated body response
2023-11-18 13:27:23,188 -[test_posts.py:195] - [test_update_post_positive] - [INFO] - updated existing post successfully: status 200
2023-11-18 13:27:23,200 -[test_posts.py:202] - [test_update_post_positive] - [INFO] - validated updated body response
2023-11-18 13:27:26,217 -[test_posts.py:195] - [test_update_post_positive] - [INFO] - updated existing post successfully: status 200
2023-11-18 13:27:26,226 -[test_posts.py:202] - [test_update_post_positive] - [INFO] - validated updated body response
2023-11-18 13:27:27,692 -[test_posts.py:195] - [test_update_post_positive] - [INFO] - updated existing post successfully: status 200
2023-11-18 13:27:27,696 -[test_posts.py:202] - [test_update_post_positive] - [INFO] - validated updated body response
2023-11-18 13:27:29,489 -[test_posts.py:195] - [test_update_post_positive] - [INFO] - updated existing post successfully: status 200
2023-11-18 13:27:29,491 -[test_posts.py:202] - [test_update_post_positive] - [INFO] - validated updated body response
2023-11-18 13:27:30,543 -[test_posts.py:195] - [test_update_post_positive] - [INFO] - updated existing post successfully: status 200
2023-11-18 13:27:30,549 -[test_posts.py:202] - [test_update_post_positive] - [INFO] - validated updated body response
2023-11-18 13:27:32,296 -[test_posts.py:195] - [test_update_post_positive] - [INFO] - updated existing post successfully: status 200
2023-11-18 13:27:32,306 -[test_posts.py:202] - [test_update_post_positive] - [INFO] - validated updated body response
2023-11-18 13:27:33,481 -[test_posts.py:195] - [test_update_post_positive] - [INFO] - updated existing post successfully: status 200
2023-11-18 13:27:33,491 -[test_posts.py:202] - [test_update_post_positive] - [INFO] - validated updated body response
2023-11-18 13:27:35,205 -[test_posts.py:195] - [test_update_post_positive] - [INFO] - updated existing post successfully: status 200
2023-11-18 13:27:35,216 -[test_posts.py:202] - [test_update_post_positive] - [INFO] - validated updated body response
2023-11-18 13:27:37,821 -[test_posts.py:195] - [test_update_post_positive] - [INFO] - updated existing post successfully: status 200
2023-11-18 13:27:37,821 -[test_posts.py:202] - [test_update_post_positive] - [INFO] - validated updated body response
2023-11-18 13:27:40,297 -[test_posts.py:215] - [test_delete_post_positive] - [INFO] - deleted existing post successfully: status 204
2023-11-18 13:27:42,048 -[test_posts.py:238] - [test_create_new_post_negative] - [INFO] - [for unauthenticated user] Expected status code and messages are returned
2023-11-18 13:27:42,515 -[test_posts.py:266] - [test_create_new_post_negative] - [INFO] - [for non-existent user_id 1] Expected status code and messages are returned 
2023-11-18 13:27:42,776 -[test_posts.py:281] - [test_get_post_by_id_negative] - [INFO] - [for invalid post_id -123] Expected status code and messages are returned 
2023-11-18 13:27:42,898 -[test_posts.py:281] - [test_get_post_by_id_negative] - [INFO] - [for invalid post_id %$#@!] Expected status code and messages are returned 
2023-11-18 13:27:43,011 -[test_posts.py:281] - [test_get_post_by_id_negative] - [INFO] - [for invalid post_id  ] Expected status code and messages are returned 
2023-11-18 13:27:43,173 -[test_posts.py:305] - [test_pagination_negative] - [INFO] - Page provided: -123 per_page: -123
2023-11-18 13:27:43,174 -[test_posts.py:314] - [test_pagination_negative] - [ERROR] - Test Failed:  [intentionally failed]No error message returned for invalid page: -123 with type as <class 'int'>
2023-11-18 13:27:43,300 -[test_posts.py:305] - [test_pagination_negative] - [INFO] - Page provided: -123 per_page: -123
2023-11-18 13:27:43,300 -[test_posts.py:314] - [test_pagination_negative] - [ERROR] - Test Failed:  [intentionally failed]No error message returned for invalid page: -123 with type as <class 'int'>
2023-11-18 13:27:43,443 -[test_posts.py:305] - [test_pagination_negative] - [INFO] - Page provided: -123 per_page: -123
2023-11-18 13:27:43,443 -[test_posts.py:314] - [test_pagination_negative] - [ERROR] - Test Failed:  [intentionally failed]No error message returned for invalid page: -123 with type as <class 'int'>
2023-11-18 13:27:43,633 -[test_posts.py:305] - [test_pagination_negative] - [INFO] - Page provided: %$#@! per_page: %$#@!
2023-11-18 13:27:43,633 -[test_posts.py:314] - [test_pagination_negative] - [ERROR] - Test Failed:  [intentionally failed]No error message returned for invalid page: %$#@! with type as <class 'str'>
2023-11-18 13:27:43,781 -[test_posts.py:305] - [test_pagination_negative] - [INFO] - Page provided: %$#@! per_page: %$#@!
2023-11-18 13:27:43,786 -[test_posts.py:314] - [test_pagination_negative] - [ERROR] - Test Failed:  [intentionally failed]No error message returned for invalid page: %$#@! with type as <class 'str'>
2023-11-18 13:27:43,911 -[test_posts.py:305] - [test_pagination_negative] - [INFO] - Page provided: %$#@! per_page: %$#@!
2023-11-18 13:27:43,911 -[test_posts.py:314] - [test_pagination_negative] - [ERROR] - Test Failed:  [intentionally failed]No error message returned for invalid page: %$#@! with type as <class 'str'>
2023-11-18 13:27:44,079 -[test_posts.py:305] - [test_pagination_negative] - [INFO] - Page provided:   per_page:  
2023-11-18 13:27:44,079 -[test_posts.py:314] - [test_pagination_negative] - [ERROR] - Test Failed:  [intentionally failed]No error message returned for invalid page:   with type as <class 'str'>
2023-11-18 13:27:44,217 -[test_posts.py:305] - [test_pagination_negative] - [INFO] - Page provided:   per_page:  
2023-11-18 13:27:44,226 -[test_posts.py:314] - [test_pagination_negative] - [ERROR] - Test Failed:  [intentionally failed]No error message returned for invalid page:   with type as <class 'str'>
2023-11-18 13:27:44,330 -[test_posts.py:305] - [test_pagination_negative] - [INFO] - Page provided:   per_page:  
2023-11-18 13:27:44,331 -[test_posts.py:314] - [test_pagination_negative] - [ERROR] - Test Failed:  [intentionally failed]No error message returned for invalid page:   with type as <class 'str'>
2023-11-18 13:27:48,164 -[test_posts.py:332] - [test_update_post_negative] - [INFO] - [for updating post with unauthenticated user] Expected status code and messages are returned
2023-11-18 13:27:49,416 -[test_posts.py:348] - [test_update_post_negative] - [INFO] - [for updating with blank data] Expected status code and messages are returned
2023-11-18 13:27:49,662 -[test_posts.py:364] - [test_update_post_negative] - [INFO] - [for updating post with invalid user_id] Expected status code and messages are returned
2023-11-18 13:27:54,926 -[test_posts.py:379] - [test_delete_post_negative] - [INFO] - [for deleting post with unauthenticated user] Expected status code and messages are returned
2023-11-18 13:27:55,443 -[test_posts.py:389] - [test_delete_post_negative] - [INFO] - [for deleting post with invalid user_id] Expected status code and messages are returned
2023-11-18 13:28:00,593 -[test_posts.py:379] - [test_delete_post_negative] - [INFO] - [for deleting post with unauthenticated user] Expected status code and messages are returned
2023-11-18 13:28:00,862 -[test_posts.py:389] - [test_delete_post_negative] - [INFO] - [for deleting post with invalid user_id] Expected status code and messages are returned
2023-11-18 13:28:03,327 -[test_users.py:53] - [test_create_new_user_positive] - [INFO] - created new user successfully: status 201
2023-11-18 13:28:03,328 -[test_users.py:65] - [test_create_new_user_positive] - [ERROR] - Test failed: Response time exceeded: 2.4
2023-11-18 13:28:05,642 -[test_users.py:53] - [test_create_new_user_positive] - [INFO] - created new user successfully: status 201
2023-11-18 13:28:05,642 -[test_users.py:59] - [test_create_new_user_positive] - [INFO] - response time taken: 0.3
2023-11-18 13:28:05,642 -[test_users.py:63] - [test_create_new_user_positive] - [INFO] - validated user data successfully
2023-11-18 13:28:07,729 -[test_users.py:53] - [test_create_new_user_positive] - [INFO] - created new user successfully: status 201
2023-11-18 13:28:07,730 -[test_users.py:59] - [test_create_new_user_positive] - [INFO] - response time taken: 0.5
2023-11-18 13:28:07,752 -[test_users.py:63] - [test_create_new_user_positive] - [INFO] - validated user data successfully
2023-11-18 13:28:10,015 -[test_users.py:53] - [test_create_new_user_positive] - [INFO] - created new user successfully: status 201
2023-11-18 13:28:10,015 -[test_users.py:59] - [test_create_new_user_positive] - [INFO] - response time taken: 0.3
2023-11-18 13:28:10,027 -[test_users.py:63] - [test_create_new_user_positive] - [INFO] - validated user data successfully
2023-11-18 13:28:12,707 -[test_users.py:53] - [test_create_new_user_positive] - [INFO] - created new user successfully: status 201
2023-11-18 13:28:12,708 -[test_users.py:59] - [test_create_new_user_positive] - [INFO] - response time taken: 0.3
2023-11-18 13:28:12,716 -[test_users.py:63] - [test_create_new_user_positive] - [INFO] - validated user data successfully
2023-11-18 13:28:14,540 -[test_users.py:53] - [test_create_new_user_positive] - [INFO] - created new user successfully: status 201
2023-11-18 13:28:14,540 -[test_users.py:59] - [test_create_new_user_positive] - [INFO] - response time taken: 0.1
2023-11-18 13:28:14,553 -[test_users.py:63] - [test_create_new_user_positive] - [INFO] - validated user data successfully
2023-11-18 13:28:16,645 -[test_users.py:53] - [test_create_new_user_positive] - [INFO] - created new user successfully: status 201
2023-11-18 13:28:16,645 -[test_users.py:59] - [test_create_new_user_positive] - [INFO] - response time taken: 0.3
2023-11-18 13:28:16,653 -[test_users.py:63] - [test_create_new_user_positive] - [INFO] - validated user data successfully
2023-11-18 13:28:19,606 -[test_users.py:53] - [test_create_new_user_positive] - [INFO] - created new user successfully: status 201
2023-11-18 13:28:19,606 -[test_users.py:59] - [test_create_new_user_positive] - [INFO] - response time taken: 0.7
2023-11-18 13:28:19,619 -[test_users.py:63] - [test_create_new_user_positive] - [INFO] - validated user data successfully
2023-11-18 13:28:22,578 -[test_users.py:53] - [test_create_new_user_positive] - [INFO] - created new user successfully: status 201
2023-11-18 13:28:22,579 -[test_users.py:59] - [test_create_new_user_positive] - [INFO] - response time taken: 0.4
2023-11-18 13:28:22,595 -[test_users.py:63] - [test_create_new_user_positive] - [INFO] - validated user data successfully
2023-11-18 13:28:24,638 -[test_users.py:53] - [test_create_new_user_positive] - [INFO] - created new user successfully: status 201
2023-11-18 13:28:24,638 -[test_users.py:59] - [test_create_new_user_positive] - [INFO] - response time taken: 0.1
2023-11-18 13:28:24,652 -[test_users.py:63] - [test_create_new_user_positive] - [INFO] - validated user data successfully
2023-11-18 13:28:25,956 -[test_users.py:53] - [test_create_new_user_positive] - [INFO] - created new user successfully: status 201
2023-11-18 13:28:25,956 -[test_users.py:59] - [test_create_new_user_positive] - [INFO] - response time taken: 0.1
2023-11-18 13:28:25,969 -[test_users.py:63] - [test_create_new_user_positive] - [INFO] - validated user data successfully
2023-11-18 13:28:28,968 -[test_users.py:93] - [test_get_user_by_id_positive] - [INFO] - getting single user by id 5717033 successfully
2023-11-18 13:28:28,968 -[test_users.py:95] - [test_get_user_by_id_positive] - [INFO] - validated user data successfully
2023-11-18 13:28:28,968 -[test_users.py:98] - [test_get_user_by_id_positive] - [INFO] - validated Auth token successfully
2023-11-18 13:28:28,968 -[test_users.py:101] - [test_get_user_by_id_positive] - [INFO] - response time taken: 0.1
2023-11-18 13:28:29,451 -[test_users.py:127] - [test_get_all_users_positive] - [INFO] - getting all the user successfully: status 200
2023-11-18 13:28:29,823 -[test_users.py:148] - [test_search_users_by_name_positive] - [INFO] - searched user by name kan successfully: status 200
2023-11-18 13:28:29,823 -[test_users.py:150] - [test_search_users_by_name_positive] - [INFO] - validated searched user successfully
2023-11-18 13:28:30,158 -[test_users.py:172] - [test_search_users_by_email_positive] - [INFO] - searched user by email kan successfully: status 200
2023-11-18 13:28:30,158 -[test_users.py:174] - [test_search_users_by_email_positive] - [INFO] - validated searched user successfully
2023-11-18 13:28:30,470 -[test_users.py:195] - [test_search_user_pagination_positive] - [INFO] - searched using pagination parameters page 3 and per page 5 successfully: status 200
2023-11-18 13:28:30,470 -[test_users.py:197] - [test_search_user_pagination_positive] - [INFO] - validated page and its returned items length.
2023-11-18 13:28:32,472 -[test_users.py:225] - [test_update_user_positive] - [INFO] - updated existing user successfully: status 200
2023-11-18 13:28:32,480 -[test_users.py:233] - [test_update_user_positive] - [INFO] - validated updated body response
2023-11-18 13:28:37,126 -[test_users.py:225] - [test_update_user_positive] - [INFO] - updated existing user successfully: status 200
2023-11-18 13:28:37,126 -[test_users.py:233] - [test_update_user_positive] - [INFO] - validated updated body response
2023-11-18 13:28:40,806 -[test_users.py:225] - [test_update_user_positive] - [INFO] - updated existing user successfully: status 200
2023-11-18 13:28:40,809 -[test_users.py:233] - [test_update_user_positive] - [INFO] - validated updated body response
2023-11-18 13:28:43,589 -[test_users.py:225] - [test_update_user_positive] - [INFO] - updated existing user successfully: status 200
2023-11-18 13:28:43,599 -[test_users.py:233] - [test_update_user_positive] - [INFO] - validated updated body response
2023-11-18 13:28:46,019 -[test_users.py:225] - [test_update_user_positive] - [INFO] - updated existing user successfully: status 200
2023-11-18 13:28:46,019 -[test_users.py:233] - [test_update_user_positive] - [INFO] - validated updated body response
2023-11-18 13:28:49,711 -[test_users.py:225] - [test_update_user_positive] - [INFO] - updated existing user successfully: status 200
2023-11-18 13:28:49,711 -[test_users.py:233] - [test_update_user_positive] - [INFO] - validated updated body response
2023-11-18 13:28:52,681 -[test_users.py:225] - [test_update_user_positive] - [INFO] - updated existing user successfully: status 200
2023-11-18 13:28:52,682 -[test_users.py:233] - [test_update_user_positive] - [INFO] - validated updated body response
2023-11-18 13:28:55,959 -[test_users.py:225] - [test_update_user_positive] - [INFO] - updated existing user successfully: status 200
2023-11-18 13:28:55,968 -[test_users.py:233] - [test_update_user_positive] - [INFO] - validated updated body response
2023-11-18 13:28:58,656 -[test_users.py:225] - [test_update_user_positive] - [INFO] - updated existing user successfully: status 200
2023-11-18 13:28:58,656 -[test_users.py:233] - [test_update_user_positive] - [INFO] - validated updated body response
2023-11-18 13:29:01,031 -[test_users.py:225] - [test_update_user_positive] - [INFO] - updated existing user successfully: status 200
2023-11-18 13:29:01,031 -[test_users.py:233] - [test_update_user_positive] - [INFO] - validated updated body response
2023-11-18 13:29:05,337 -[test_users.py:250] - [test_delete_user_positive] - [INFO] - deleted existing user successfully: status 204
2023-11-18 13:29:07,164 -[test_users.py:292] - [test_create_new_user_negative] - [INFO] - [for unauthenticated user] Expected status code and messages are returned
2023-11-18 13:29:07,619 -[test_users.py:309] - [test_create_new_user_negative] - [INFO] - [for blank data] Expected status code and messages are returned 
2023-11-18 13:29:08,758 -[test_users.py:328] - [test_create_new_user_negative] - [INFO] - [for duplicate email] Expected status code and messages are returned 
2023-11-18 13:29:09,003 -[test_users.py:345] - [test_create_new_user_negative] - [INFO] - [for invalid gender and email] Expected status code and messages are returned
2023-11-18 13:29:09,186 -[test_users.py:359] - [test_get_user_by_id_negative] - [INFO] - [for invalid user_id -123] Expected status code and messages are returned 
2023-11-18 13:29:09,578 -[test_users.py:359] - [test_get_user_by_id_negative] - [INFO] - [for invalid user_id %$#@!] Expected status code and messages are returned 
2023-11-18 13:29:09,981 -[test_users.py:359] - [test_get_user_by_id_negative] - [INFO] - [for invalid user_id  ] Expected status code and messages are returned 
2023-11-18 13:29:10,657 -[test_users.py:374] - [test_search_users_by_name_negative] - [INFO] - [for searching invalid name user_name] Expected status code and messages are returned
2023-11-18 13:29:11,164 -[test_users.py:389] - [test_search_users_by_email_negative] - [INFO] - [for searching invalid email azx] Expected status code and messages are returned
2023-11-18 13:29:11,175 -[test_users.py:401] - [test_search_user_pagination_negative] - [INFO] - Page provided: -123 per_page: -123
2023-11-18 13:29:11,583 -[test_users.py:408] - [test_search_user_pagination_negative] - [ERROR] - Test Failed: [intentionally failed]No error message returned for invalid page: -123 with type as <class 'int'>
2023-11-18 13:29:11,631 -[test_users.py:401] - [test_search_user_pagination_negative] - [INFO] - Page provided: %$#@! per_page: %$#@!
2023-11-18 13:29:12,142 -[test_users.py:408] - [test_search_user_pagination_negative] - [ERROR] - Test Failed: [intentionally failed]No error message returned for invalid page: %$#@! with type as <class 'str'>
2023-11-18 13:29:12,194 -[test_users.py:401] - [test_search_user_pagination_negative] - [INFO] - Page provided:   per_page:  
2023-11-18 13:29:12,546 -[test_users.py:408] - [test_search_user_pagination_negative] - [ERROR] - Test Failed: [intentionally failed]No error message returned for invalid page:   with type as <class 'str'>
2023-11-18 13:29:15,166 -[test_users.py:425] - [test_update_user_negative] - [INFO] - [for updating unauthenticated user] Expected status code and messages are returned
2023-11-18 13:29:15,484 -[test_users.py:441] - [test_update_user_negative] - [INFO] - [for updating blank data] Expected status code and messages are returned
2023-11-18 13:29:15,885 -[test_users.py:459] - [test_update_user_negative] - [INFO] - [for updating duplicate email rev_baidehi_ahluwalia@ryan-morissette.test] Expected status code and messages are returned
2023-11-18 13:29:16,234 -[test_users.py:476] - [test_update_user_negative] - [INFO] - [for updating invalid gender and email] Expected status code and messages are returned 
2023-11-18 13:29:18,895 -[test_users.py:491] - [test_delete_user_negative] - [INFO] - [for deleting unauthenticated user] Expected status code and messages are returned
2023-11-18 13:29:19,215 -[test_users.py:502] - [test_delete_user_negative] - [INFO] - [for deleting with invalid user_id] Expected status code and messages are returned
2023-11-18 14:18:26,295 -[test_posts.py:36] - [test_create_new_post_positive] - [INFO] - created new post successfully: status 201
2023-11-18 14:18:26,295 -[test_posts.py:47] - [test_create_new_post_positive] - [ERROR] - Test Failed: Response time exceeded: 2.6
2023-11-18 14:18:30,235 -[test_posts.py:36] - [test_create_new_post_positive] - [INFO] - created new post successfully: status 201
2023-11-18 14:18:30,235 -[test_posts.py:42] - [test_create_new_post_positive] - [INFO] - response time taken: 1.2
2023-11-18 14:18:30,235 -[test_posts.py:45] - [test_create_new_post_positive] - [INFO] - validated post data successfully
2023-11-18 14:18:31,982 -[test_posts.py:36] - [test_create_new_post_positive] - [INFO] - created new post successfully: status 201
2023-11-18 14:18:31,982 -[test_posts.py:42] - [test_create_new_post_positive] - [INFO] - response time taken: 0.4
2023-11-18 14:18:31,982 -[test_posts.py:45] - [test_create_new_post_positive] - [INFO] - validated post data successfully
2023-11-18 14:18:34,335 -[test_posts.py:36] - [test_create_new_post_positive] - [INFO] - created new post successfully: status 201
2023-11-18 14:18:34,335 -[test_posts.py:42] - [test_create_new_post_positive] - [INFO] - response time taken: 0.9
2023-11-18 14:18:34,335 -[test_posts.py:45] - [test_create_new_post_positive] - [INFO] - validated post data successfully
2023-11-18 14:18:36,998 -[test_posts.py:36] - [test_create_new_post_positive] - [INFO] - created new post successfully: status 201
2023-11-18 14:18:36,998 -[test_posts.py:42] - [test_create_new_post_positive] - [INFO] - response time taken: 0.8
2023-11-18 14:18:37,008 -[test_posts.py:45] - [test_create_new_post_positive] - [INFO] - validated post data successfully
2023-11-18 14:18:40,256 -[test_posts.py:36] - [test_create_new_post_positive] - [INFO] - created new post successfully: status 201
2023-11-18 14:18:40,257 -[test_posts.py:42] - [test_create_new_post_positive] - [INFO] - response time taken: 0.5
2023-11-18 14:18:40,262 -[test_posts.py:45] - [test_create_new_post_positive] - [INFO] - validated post data successfully
2023-11-18 14:18:41,914 -[test_posts.py:36] - [test_create_new_post_positive] - [INFO] - created new post successfully: status 201
2023-11-18 14:18:41,914 -[test_posts.py:42] - [test_create_new_post_positive] - [INFO] - response time taken: 0.4
2023-11-18 14:18:41,925 -[test_posts.py:45] - [test_create_new_post_positive] - [INFO] - validated post data successfully
2023-11-18 14:18:44,132 -[test_posts.py:36] - [test_create_new_post_positive] - [INFO] - created new post successfully: status 201
2023-11-18 14:18:44,133 -[test_posts.py:42] - [test_create_new_post_positive] - [INFO] - response time taken: 0.3
2023-11-18 14:18:44,151 -[test_posts.py:45] - [test_create_new_post_positive] - [INFO] - validated post data successfully
2023-11-18 14:18:47,648 -[test_posts.py:36] - [test_create_new_post_positive] - [INFO] - created new post successfully: status 201
2023-11-18 14:18:47,648 -[test_posts.py:42] - [test_create_new_post_positive] - [INFO] - response time taken: 1.2
2023-11-18 14:18:47,648 -[test_posts.py:45] - [test_create_new_post_positive] - [INFO] - validated post data successfully
2023-11-18 14:18:50,629 -[test_posts.py:36] - [test_create_new_post_positive] - [INFO] - created new post successfully: status 201
2023-11-18 14:18:50,629 -[test_posts.py:42] - [test_create_new_post_positive] - [INFO] - response time taken: 0.4
2023-11-18 14:18:50,629 -[test_posts.py:45] - [test_create_new_post_positive] - [INFO] - validated post data successfully
2023-11-18 14:18:54,198 -[test_posts.py:59] - [test_get_post_by_id_positive] - [INFO] - getting single post by id 85453 successfully
2023-11-18 14:18:54,200 -[test_posts.py:62] - [test_get_post_by_id_positive] - [INFO] - validated post data successfully
2023-11-18 14:18:54,964 -[test_posts.py:80] - [test_get_all_posts_positive] - [INFO] - getting all the posts successfully: status 200
2023-11-18 14:18:59,526 -[test_posts.py:100] - [test_search_post_by_title_positive] - [INFO] - searched post by title sodal successfully: status 200
2023-11-18 14:18:59,526 -[test_posts.py:102] - [test_search_post_by_title_positive] - [INFO] - validated searched post successfully
2023-11-18 14:18:59,526 -[test_posts.py:109] - [test_search_post_by_title_positive] - [ERROR] - Test Failed: Response time exceeded: 1.1
2023-11-18 14:19:02,978 -[test_posts.py:122] - [test_search_post_by_body_positive] - [INFO] - searched post by body careo successfully: status 200
2023-11-18 14:19:02,978 -[test_posts.py:124] - [test_search_post_by_body_positive] - [INFO] - validated searched post successfully
2023-11-18 14:19:05,163 -[test_posts.py:144] - [test_search_post_by_user_id_positive] - [INFO] - searched post by user_id 5716300 successfully: status 200
2023-11-18 14:19:05,163 -[test_posts.py:146] - [test_search_post_by_user_id_positive] - [INFO] - validated searched post using user_id successfully
2023-11-18 14:19:06,281 -[test_posts.py:166] - [test_pagination_positive] - [INFO] - searched using pagination parameters page 3 and per page 20 successfully: status 200
2023-11-18 14:19:06,282 -[test_posts.py:169] - [test_pagination_positive] - [INFO] - validated page and its returned items length.
2023-11-18 14:19:06,282 -[test_posts.py:176] - [test_pagination_positive] - [ERROR] - Test Failed: Response time exceeded: 1.1
2023-11-18 14:19:08,862 -[test_posts.py:195] - [test_update_post_positive] - [INFO] - updated existing post successfully: status 200
2023-11-18 14:19:08,871 -[test_posts.py:202] - [test_update_post_positive] - [INFO] - validated updated body response
2023-11-18 14:19:11,628 -[test_posts.py:195] - [test_update_post_positive] - [INFO] - updated existing post successfully: status 200
2023-11-18 14:19:11,636 -[test_posts.py:202] - [test_update_post_positive] - [INFO] - validated updated body response
2023-11-18 14:19:16,326 -[test_posts.py:195] - [test_update_post_positive] - [INFO] - updated existing post successfully: status 200
2023-11-18 14:19:16,337 -[test_posts.py:202] - [test_update_post_positive] - [INFO] - validated updated body response
2023-11-18 14:19:18,819 -[test_posts.py:195] - [test_update_post_positive] - [INFO] - updated existing post successfully: status 200
2023-11-18 14:19:18,819 -[test_posts.py:202] - [test_update_post_positive] - [INFO] - validated updated body response
2023-11-18 14:19:22,059 -[test_posts.py:195] - [test_update_post_positive] - [INFO] - updated existing post successfully: status 200
2023-11-18 14:19:22,073 -[test_posts.py:202] - [test_update_post_positive] - [INFO] - validated updated body response
2023-11-18 14:19:25,122 -[test_posts.py:195] - [test_update_post_positive] - [INFO] - updated existing post successfully: status 200
2023-11-18 14:19:25,122 -[test_posts.py:202] - [test_update_post_positive] - [INFO] - validated updated body response
2023-11-18 14:19:27,690 -[test_posts.py:195] - [test_update_post_positive] - [INFO] - updated existing post successfully: status 200
2023-11-18 14:19:27,705 -[test_posts.py:202] - [test_update_post_positive] - [INFO] - validated updated body response
2023-11-18 14:19:31,895 -[test_posts.py:195] - [test_update_post_positive] - [INFO] - updated existing post successfully: status 200
2023-11-18 14:19:31,895 -[test_posts.py:202] - [test_update_post_positive] - [INFO] - validated updated body response
2023-11-18 14:19:34,464 -[test_posts.py:195] - [test_update_post_positive] - [INFO] - updated existing post successfully: status 200
2023-11-18 14:19:34,472 -[test_posts.py:202] - [test_update_post_positive] - [INFO] - validated updated body response
2023-11-18 14:19:37,047 -[test_posts.py:195] - [test_update_post_positive] - [INFO] - updated existing post successfully: status 200
2023-11-18 14:19:37,047 -[test_posts.py:202] - [test_update_post_positive] - [INFO] - validated updated body response
2023-11-18 14:19:39,972 -[test_posts.py:215] - [test_delete_post_positive] - [INFO] - deleted existing post successfully: status 204
2023-11-18 14:19:42,136 -[test_posts.py:238] - [test_create_new_post_negative] - [INFO] - [for unauthenticated user] Expected status code and messages are returned
2023-11-18 14:19:43,089 -[test_posts.py:266] - [test_create_new_post_negative] - [INFO] - [for non-existent user_id 1] Expected status code and messages are returned 
2023-11-18 14:19:43,564 -[test_posts.py:281] - [test_get_post_by_id_negative] - [INFO] - [for invalid post_id -123] Expected status code and messages are returned 
2023-11-18 14:19:44,009 -[test_posts.py:281] - [test_get_post_by_id_negative] - [INFO] - [for invalid post_id %$#@!] Expected status code and messages are returned 
2023-11-18 14:19:44,378 -[test_posts.py:281] - [test_get_post_by_id_negative] - [INFO] - [for invalid post_id  ] Expected status code and messages are returned 
2023-11-18 14:19:45,034 -[test_posts.py:305] - [test_pagination_negative] - [INFO] - Page provided: -123 per_page: -123
2023-11-18 14:19:45,035 -[test_posts.py:314] - [test_pagination_negative] - [ERROR] - Test Failed:  [intentionally failed]No error message returned for invalid page: -123 with type as <class 'int'>
2023-11-18 14:19:45,505 -[test_posts.py:305] - [test_pagination_negative] - [INFO] - Page provided: -123 per_page: -123
2023-11-18 14:19:45,505 -[test_posts.py:314] - [test_pagination_negative] - [ERROR] - Test Failed:  [intentionally failed]No error message returned for invalid page: -123 with type as <class 'int'>
2023-11-18 14:19:46,387 -[test_posts.py:305] - [test_pagination_negative] - [INFO] - Page provided: -123 per_page: -123
2023-11-18 14:19:46,387 -[test_posts.py:314] - [test_pagination_negative] - [ERROR] - Test Failed:  [intentionally failed]No error message returned for invalid page: -123 with type as <class 'int'>
2023-11-18 14:19:47,241 -[test_posts.py:305] - [test_pagination_negative] - [INFO] - Page provided: %$#@! per_page: %$#@!
2023-11-18 14:19:47,241 -[test_posts.py:314] - [test_pagination_negative] - [ERROR] - Test Failed:  [intentionally failed]No error message returned for invalid page: %$#@! with type as <class 'str'>
2023-11-18 14:19:47,989 -[test_posts.py:305] - [test_pagination_negative] - [INFO] - Page provided: %$#@! per_page: %$#@!
2023-11-18 14:19:47,989 -[test_posts.py:314] - [test_pagination_negative] - [ERROR] - Test Failed:  [intentionally failed]No error message returned for invalid page: %$#@! with type as <class 'str'>
2023-11-18 14:19:48,546 -[test_posts.py:305] - [test_pagination_negative] - [INFO] - Page provided: %$#@! per_page: %$#@!
2023-11-18 14:19:48,546 -[test_posts.py:314] - [test_pagination_negative] - [ERROR] - Test Failed:  [intentionally failed]No error message returned for invalid page: %$#@! with type as <class 'str'>
2023-11-18 14:19:49,252 -[test_posts.py:305] - [test_pagination_negative] - [INFO] - Page provided:   per_page:  
2023-11-18 14:19:49,253 -[test_posts.py:314] - [test_pagination_negative] - [ERROR] - Test Failed:  [intentionally failed]No error message returned for invalid page:   with type as <class 'str'>
2023-11-18 14:19:49,610 -[test_posts.py:305] - [test_pagination_negative] - [INFO] - Page provided:   per_page:  
2023-11-18 14:19:49,610 -[test_posts.py:314] - [test_pagination_negative] - [ERROR] - Test Failed:  [intentionally failed]No error message returned for invalid page:   with type as <class 'str'>
2023-11-18 14:19:50,317 -[test_posts.py:305] - [test_pagination_negative] - [INFO] - Page provided:   per_page:  
2023-11-18 14:19:50,317 -[test_posts.py:314] - [test_pagination_negative] - [ERROR] - Test Failed:  [intentionally failed]No error message returned for invalid page:   with type as <class 'str'>
2023-11-18 14:19:57,174 -[test_posts.py:332] - [test_update_post_negative] - [INFO] - [for updating post with unauthenticated user] Expected status code and messages are returned
2023-11-18 14:19:57,488 -[test_posts.py:348] - [test_update_post_negative] - [INFO] - [for updating with blank data] Expected status code and messages are returned
2023-11-18 14:19:57,905 -[test_posts.py:364] - [test_update_post_negative] - [INFO] - [for updating post with invalid user_id] Expected status code and messages are returned
2023-11-18 14:20:02,506 -[test_posts.py:379] - [test_delete_post_negative] - [INFO] - [for deleting post with unauthenticated user] Expected status code and messages are returned
2023-11-18 14:20:03,199 -[test_posts.py:389] - [test_delete_post_negative] - [INFO] - [for deleting post with invalid user_id] Expected status code and messages are returned
2023-11-18 14:20:07,379 -[test_posts.py:379] - [test_delete_post_negative] - [INFO] - [for deleting post with unauthenticated user] Expected status code and messages are returned
2023-11-18 14:20:07,960 -[test_posts.py:389] - [test_delete_post_negative] - [INFO] - [for deleting post with invalid user_id] Expected status code and messages are returned
2023-11-18 14:20:09,902 -[test_users.py:53] - [test_create_new_user_positive] - [INFO] - created new user successfully: status 201
2023-11-18 14:20:09,903 -[test_users.py:59] - [test_create_new_user_positive] - [INFO] - response time taken: 1.9
2023-11-18 14:20:09,915 -[test_users.py:63] - [test_create_new_user_positive] - [INFO] - validated user data successfully
2023-11-18 14:20:13,591 -[test_users.py:53] - [test_create_new_user_positive] - [INFO] - created new user successfully: status 201
2023-11-18 14:20:13,591 -[test_users.py:59] - [test_create_new_user_positive] - [INFO] - response time taken: 0.6
2023-11-18 14:20:13,591 -[test_users.py:63] - [test_create_new_user_positive] - [INFO] - validated user data successfully
2023-11-18 14:20:16,499 -[test_users.py:53] - [test_create_new_user_positive] - [INFO] - created new user successfully: status 201
2023-11-18 14:20:16,499 -[test_users.py:59] - [test_create_new_user_positive] - [INFO] - response time taken: 0.7
2023-11-18 14:20:16,509 -[test_users.py:63] - [test_create_new_user_positive] - [INFO] - validated user data successfully
2023-11-18 14:20:19,517 -[test_users.py:53] - [test_create_new_user_positive] - [INFO] - created new user successfully: status 201
2023-11-18 14:20:19,518 -[test_users.py:59] - [test_create_new_user_positive] - [INFO] - response time taken: 0.9
2023-11-18 14:20:19,519 -[test_users.py:63] - [test_create_new_user_positive] - [INFO] - validated user data successfully
2023-11-18 14:20:23,394 -[test_users.py:53] - [test_create_new_user_positive] - [INFO] - created new user successfully: status 201
2023-11-18 14:20:23,394 -[test_users.py:59] - [test_create_new_user_positive] - [INFO] - response time taken: 0.5
2023-11-18 14:20:23,394 -[test_users.py:63] - [test_create_new_user_positive] - [INFO] - validated user data successfully
2023-11-18 14:20:28,003 -[test_users.py:53] - [test_create_new_user_positive] - [INFO] - created new user successfully: status 201
2023-11-18 14:20:28,003 -[test_users.py:59] - [test_create_new_user_positive] - [INFO] - response time taken: 0.4
2023-11-18 14:20:28,021 -[test_users.py:63] - [test_create_new_user_positive] - [INFO] - validated user data successfully
2023-11-18 14:20:31,693 -[test_users.py:53] - [test_create_new_user_positive] - [INFO] - created new user successfully: status 201
2023-11-18 14:20:31,693 -[test_users.py:59] - [test_create_new_user_positive] - [INFO] - response time taken: 1.3
2023-11-18 14:20:31,693 -[test_users.py:63] - [test_create_new_user_positive] - [INFO] - validated user data successfully
2023-11-18 14:20:38,339 -[test_users.py:53] - [test_create_new_user_positive] - [INFO] - created new user successfully: status 201
2023-11-18 14:20:38,339 -[test_users.py:59] - [test_create_new_user_positive] - [INFO] - response time taken: 0.9
2023-11-18 14:20:38,339 -[test_users.py:63] - [test_create_new_user_positive] - [INFO] - validated user data successfully
2023-11-18 14:20:40,593 -[test_users.py:53] - [test_create_new_user_positive] - [INFO] - created new user successfully: status 201
2023-11-18 14:20:40,593 -[test_users.py:59] - [test_create_new_user_positive] - [INFO] - response time taken: 0.6
2023-11-18 14:20:40,593 -[test_users.py:63] - [test_create_new_user_positive] - [INFO] - validated user data successfully
2023-11-18 14:20:43,284 -[test_users.py:53] - [test_create_new_user_positive] - [INFO] - created new user successfully: status 201
2023-11-18 14:20:43,284 -[test_users.py:59] - [test_create_new_user_positive] - [INFO] - response time taken: 0.3
2023-11-18 14:20:43,284 -[test_users.py:63] - [test_create_new_user_positive] - [INFO] - validated user data successfully
2023-11-18 14:20:48,996 -[test_users.py:93] - [test_get_user_by_id_positive] - [INFO] - getting single user by id 5716300 successfully
2023-11-18 14:20:48,996 -[test_users.py:95] - [test_get_user_by_id_positive] - [INFO] - validated user data successfully
2023-11-18 14:20:48,996 -[test_users.py:98] - [test_get_user_by_id_positive] - [INFO] - validated Auth token successfully
2023-11-18 14:20:48,996 -[test_users.py:101] - [test_get_user_by_id_positive] - [INFO] - response time taken: 0.6
2023-11-18 14:20:49,506 -[test_users.py:127] - [test_get_all_users_positive] - [INFO] - getting all the user successfully: status 200
2023-11-18 14:20:50,141 -[test_users.py:148] - [test_search_users_by_name_positive] - [INFO] - searched user by name kan successfully: status 200
2023-11-18 14:20:50,142 -[test_users.py:150] - [test_search_users_by_name_positive] - [INFO] - validated searched user successfully
2023-11-18 14:20:50,934 -[test_users.py:172] - [test_search_users_by_email_positive] - [INFO] - searched user by email kan successfully: status 200
2023-11-18 14:20:50,934 -[test_users.py:174] - [test_search_users_by_email_positive] - [INFO] - validated searched user successfully
2023-11-18 14:20:51,454 -[test_users.py:195] - [test_search_user_pagination_positive] - [INFO] - searched using pagination parameters page 3 and per page 5 successfully: status 200
2023-11-18 14:20:51,454 -[test_users.py:197] - [test_search_user_pagination_positive] - [INFO] - validated page and its returned items length.
2023-11-18 14:20:54,627 -[test_users.py:225] - [test_update_user_positive] - [INFO] - updated existing user successfully: status 200
2023-11-18 14:20:54,628 -[test_users.py:233] - [test_update_user_positive] - [INFO] - validated updated body response
2023-11-18 14:20:59,816 -[test_users.py:225] - [test_update_user_positive] - [INFO] - updated existing user successfully: status 200
2023-11-18 14:20:59,816 -[test_users.py:233] - [test_update_user_positive] - [INFO] - validated updated body response
2023-11-18 14:21:11,823 -[test_users.py:225] - [test_update_user_positive] - [INFO] - updated existing user successfully: status 200
2023-11-18 14:21:11,824 -[test_users.py:233] - [test_update_user_positive] - [INFO] - validated updated body response
2023-11-18 14:21:19,817 -[test_users.py:225] - [test_update_user_positive] - [INFO] - updated existing user successfully: status 200
2023-11-18 14:21:19,817 -[test_users.py:233] - [test_update_user_positive] - [INFO] - validated updated body response
2023-11-18 14:21:25,173 -[test_users.py:225] - [test_update_user_positive] - [INFO] - updated existing user successfully: status 200
2023-11-18 14:21:25,181 -[test_users.py:233] - [test_update_user_positive] - [INFO] - validated updated body response
2023-11-18 14:21:29,757 -[test_users.py:225] - [test_update_user_positive] - [INFO] - updated existing user successfully: status 200
2023-11-18 14:21:29,758 -[test_users.py:233] - [test_update_user_positive] - [INFO] - validated updated body response
2023-11-18 14:21:35,074 -[test_users.py:225] - [test_update_user_positive] - [INFO] - updated existing user successfully: status 200
2023-11-18 14:21:35,074 -[test_users.py:233] - [test_update_user_positive] - [INFO] - validated updated body response
2023-11-18 14:21:40,511 -[test_users.py:225] - [test_update_user_positive] - [INFO] - updated existing user successfully: status 200
2023-11-18 14:21:40,511 -[test_users.py:233] - [test_update_user_positive] - [INFO] - validated updated body response
2023-11-18 14:21:45,623 -[test_users.py:225] - [test_update_user_positive] - [INFO] - updated existing user successfully: status 200
2023-11-18 14:21:45,623 -[test_users.py:233] - [test_update_user_positive] - [INFO] - validated updated body response
2023-11-18 14:21:50,599 -[test_users.py:225] - [test_update_user_positive] - [INFO] - updated existing user successfully: status 200
2023-11-18 14:21:50,601 -[test_users.py:233] - [test_update_user_positive] - [INFO] - validated updated body response
2023-11-18 14:21:56,208 -[test_users.py:250] - [test_delete_user_positive] - [INFO] - deleted existing user successfully: status 204
2023-11-18 14:21:59,318 -[test_users.py:292] - [test_create_new_user_negative] - [INFO] - [for unauthenticated user] Expected status code and messages are returned
2023-11-18 14:22:00,883 -[test_users.py:309] - [test_create_new_user_negative] - [INFO] - [for blank data] Expected status code and messages are returned 
2023-11-18 14:22:04,117 -[test_users.py:328] - [test_create_new_user_negative] - [INFO] - [for duplicate email] Expected status code and messages are returned 
2023-11-18 14:22:04,575 -[test_users.py:345] - [test_create_new_user_negative] - [INFO] - [for invalid gender and email] Expected status code and messages are returned
2023-11-18 14:22:05,382 -[test_users.py:359] - [test_get_user_by_id_negative] - [INFO] - [for invalid user_id -123] Expected status code and messages are returned 
2023-11-18 14:22:06,199 -[test_users.py:359] - [test_get_user_by_id_negative] - [INFO] - [for invalid user_id %$#@!] Expected status code and messages are returned 
2023-11-18 14:22:06,507 -[test_users.py:359] - [test_get_user_by_id_negative] - [INFO] - [for invalid user_id  ] Expected status code and messages are returned 
2023-11-18 14:22:06,828 -[test_users.py:374] - [test_search_users_by_name_negative] - [INFO] - [for searching invalid name user_name] Expected status code and messages are returned
2023-11-18 14:22:07,153 -[test_users.py:389] - [test_search_users_by_email_negative] - [INFO] - [for searching invalid email azx] Expected status code and messages are returned
2023-11-18 14:22:07,179 -[test_users.py:401] - [test_search_user_pagination_negative] - [INFO] - Page provided: -123 per_page: -123
2023-11-18 14:22:08,046 -[test_users.py:408] - [test_search_user_pagination_negative] - [ERROR] - Test Failed: [intentionally failed]No error message returned for invalid page: -123 with type as <class 'int'>
2023-11-18 14:22:08,102 -[test_users.py:401] - [test_search_user_pagination_negative] - [INFO] - Page provided: %$#@! per_page: %$#@!
2023-11-18 14:22:08,483 -[test_users.py:408] - [test_search_user_pagination_negative] - [ERROR] - Test Failed: [intentionally failed]No error message returned for invalid page: %$#@! with type as <class 'str'>
2023-11-18 14:22:08,540 -[test_users.py:401] - [test_search_user_pagination_negative] - [INFO] - Page provided:   per_page:  
2023-11-18 14:22:09,166 -[test_users.py:408] - [test_search_user_pagination_negative] - [ERROR] - Test Failed: [intentionally failed]No error message returned for invalid page:   with type as <class 'str'>
2023-11-18 14:22:13,360 -[test_users.py:425] - [test_update_user_negative] - [INFO] - [for updating unauthenticated user] Expected status code and messages are returned
2023-11-18 14:22:14,089 -[test_users.py:441] - [test_update_user_negative] - [INFO] - [for updating blank data] Expected status code and messages are returned
2023-11-18 14:22:14,437 -[test_users.py:459] - [test_update_user_negative] - [INFO] - [for updating duplicate email aanjaneya_ahluwalia@morissette-shanahan.test] Expected status code and messages are returned
2023-11-18 14:22:15,363 -[test_users.py:476] - [test_update_user_negative] - [INFO] - [for updating invalid gender and email] Expected status code and messages are returned 
2023-11-18 14:22:18,287 -[test_users.py:491] - [test_delete_user_negative] - [INFO] - [for deleting unauthenticated user] Expected status code and messages are returned
2023-11-18 14:22:18,704 -[test_users.py:502] - [test_delete_user_negative] - [INFO] - [for deleting with invalid user_id] Expected status code and messages are returned
